2026-05-03 13:55:29,231 INFO sqlalchemy.engine.Engine BEGIN (implicit)
2026-05-03 13:55:29,233 INFO sqlalchemy.engine.Engine PRAGMA main.table_info("users")
2026-05-03 13:55:29,234 INFO sqlalchemy.engine.Engine [raw sql] ()
2026-05-03 13:55:29,236 INFO sqlalchemy.engine.Engine PRAGMA main.table_info("companies")
2026-05-03 13:55:29,237 INFO sqlalchemy.engine.Engine [raw sql] ()
2026-05-03 13:55:29,238 INFO sqlalchemy.engine.Engine PRAGMA main.table_info("financial_reports")
2026-05-03 13:55:29,238 INFO sqlalchemy.engine.Engine [raw sql] ()
2026-05-03 13:55:29,239 INFO sqlalchemy.engine.Engine PRAGMA main.table_info("subscription_packages")
2026-05-03 13:55:29,239 INFO sqlalchemy.engine.Engine [raw sql] ()
2026-05-03 13:55:29,240 INFO sqlalchemy.engine.Engine PRAGMA main.table_info("user_subscriptions")
2026-05-03 13:55:29,241 INFO sqlalchemy.engine.Engine [raw sql] ()
2026-05-03 13:55:29,241 INFO sqlalchemy.engine.Engine PRAGMA main.table_info("purchase_requests")
2026-05-03 13:55:29,242 INFO sqlalchemy.engine.Engine [raw sql] ()
2026-05-03 13:55:29,243 INFO sqlalchemy.engine.Engine PRAGMA main.table_info("audit_logs")
2026-05-03 13:55:29,243 INFO sqlalchemy.engine.Engine [raw sql] ()
2026-05-03 13:55:29,244 INFO sqlalchemy.engine.Engine PRAGMA main.table_info("ai_operation_logs")
2026-05-03 13:55:29,245 INFO sqlalchemy.engine.Engine [raw sql] ()
2026-05-03 13:55:29,245 INFO sqlalchemy.engine.Engine PRAGMA main.table_info("notifications")
2026-05-03 13:55:29,246 INFO sqlalchemy.engine.Engine [raw sql] ()
2026-05-03 13:55:29,246 INFO sqlalchemy.engine.Engine PRAGMA main.table_info("company_banks")
2026-05-03 13:55:29,247 INFO sqlalchemy.engine.Engine [raw sql] ()
2026-05-03 13:55:29,248 INFO sqlalchemy.engine.Engine PRAGMA main.table_info("collections")
2026-05-03 13:55:29,248 INFO sqlalchemy.engine.Engine [raw sql] ()
2026-05-03 13:55:29,249 INFO sqlalchemy.engine.Engine PRAGMA main.table_info("company_projects")
2026-05-03 13:55:29,249 INFO sqlalchemy.engine.Engine [raw sql] ()
2026-05-03 13:55:29,250 INFO sqlalchemy.engine.Engine PRAGMA main.table_info("investments")
2026-05-03 13:55:29,250 INFO sqlalchemy.engine.Engine [raw sql] ()
2026-05-03 13:55:29,252 INFO sqlalchemy.engine.Engine COMMIT
2026-05-03 13:55:35,957 INFO sqlalchemy.engine.Engine BEGIN (implicit)
2026-05-03 13:55:35,960 INFO sqlalchemy.engine.Engine SELECT users.id AS users_id, users.email AS users_email, users.hashed_password AS users_hashed_password, users.full_name AS users_full_name, users.role AS users_role, users.is_active AS users_is_active, users.is_verified AS users_is_verified, users.created_at AS users_created_at, users.updated_at AS users_updated_at 
FROM users 
WHERE users.email = ? AND users.is_active = 1
 LIMIT ? OFFSET ?
2026-05-03 13:55:35,961 INFO sqlalchemy.engine.Engine [generated in 0.00061s] ('admin@platform.com', 1, 0)
2026-05-03 13:55:36,226 INFO sqlalchemy.engine.Engine INSERT INTO audit_logs (user_id, action, entity_type, entity_id, old_values, new_values, ip_address, user_agent, timestamp) VALUES (?, ?, ?, ?, ?, ?, ?, ?, ?)
2026-05-03 13:55:36,229 INFO sqlalchemy.engine.Engine [generated in 0.00328s] (1, 'LOGIN', 'User', 1, 'null', 'null', '127.0.0.1', None, '2026-05-03 10:55:36.225056')
2026-05-03 13:55:36,234 INFO sqlalchemy.engine.Engine COMMIT
2026-05-03 13:55:36,239 INFO sqlalchemy.engine.Engine BEGIN (implicit)
2026-05-03 13:55:36,240 INFO sqlalchemy.engine.Engine SELECT users.id AS users_id, users.email AS users_email, users.hashed_password AS users_hashed_password, users.full_name AS users_full_name, users.role AS users_role, users.is_active AS users_is_active, users.is_verified AS users_is_verified, users.created_at AS users_created_at, users.updated_at AS users_updated_at 
FROM users 
WHERE users.id = ?
2026-05-03 13:55:36,240 INFO sqlalchemy.engine.Engine [generated in 0.00046s] (1,)
2026-05-03 13:55:36,243 INFO sqlalchemy.engine.Engine ROLLBACK
INFO:     127.0.0.1:51238 - "POST /api/v1/auth/login HTTP/1.1" 200 OK
2026-05-03 13:55:44,525 INFO sqlalchemy.engine.Engine BEGIN (implicit)
2026-05-03 13:55:44,526 INFO sqlalchemy.engine.Engine SELECT users.id AS users_id, users.email AS users_email, users.hashed_password AS users_hashed_password, users.full_name AS users_full_name, users.role AS users_role, users.is_active AS users_is_active, users.is_verified AS users_is_verified, users.created_at AS users_created_at, users.updated_at AS users_updated_at 
FROM users 
WHERE users.email = ? AND users.is_active = 1
 LIMIT ? OFFSET ?
2026-05-03 13:55:44,526 INFO sqlalchemy.engine.Engine [cached since 8.566s ago] ('admin@platform.com', 1, 0)
2026-05-03 13:55:44,795 INFO sqlalchemy.engine.Engine INSERT INTO audit_logs (user_id, action, entity_type, entity_id, old_values, new_values, ip_address, user_agent, timestamp) VALUES (?, ?, ?, ?, ?, ?, ?, ?, ?)
2026-05-03 13:55:44,799 INFO sqlalchemy.engine.Engine [cached since 8.573s ago] (1, 'LOGIN', 'User', 1, 'null', 'null', '127.0.0.1', None, '2026-05-03 10:55:44.795128')
2026-05-03 13:55:44,801 INFO sqlalchemy.engine.Engine COMMIT
2026-05-03 13:55:44,806 INFO sqlalchemy.engine.Engine BEGIN (implicit)
2026-05-03 13:55:44,806 INFO sqlalchemy.engine.Engine SELECT users.id AS users_id, users.email AS users_email, users.hashed_password AS users_hashed_password, users.full_name AS users_full_name, users.role AS users_role, users.is_active AS users_is_active, users.is_verified AS users_is_verified, users.created_at AS users_created_at, users.updated_at AS users_updated_at 
FROM users 
WHERE users.id = ?
2026-05-03 13:55:44,807 INFO sqlalchemy.engine.Engine [cached since 8.567s ago] (1,)
2026-05-03 13:55:44,808 INFO sqlalchemy.engine.Engine ROLLBACK
INFO:     127.0.0.1:60681 - "POST /api/v1/auth/login HTTP/1.1" 200 OK
2026-05-03 13:55:52,395 INFO sqlalchemy.engine.Engine BEGIN (implicit)
2026-05-03 13:55:52,399 INFO sqlalchemy.engine.Engine SELECT users.id AS users_id, users.email AS users_email, users.hashed_password AS users_hashed_password, users.full_name AS users_full_name, users.role AS users_role, users.is_active AS users_is_active, users.is_verified AS users_is_verified, users.created_at AS users_created_at, users.updated_at AS users_updated_at 
FROM users 
WHERE users.email = ? AND users.is_active = 1
 LIMIT ? OFFSET ?
2026-05-03 13:55:52,400 INFO sqlalchemy.engine.Engine [cached since 16.44s ago] ('admin@platform.com', 1, 0)
2026-05-03 13:55:52,668 INFO sqlalchemy.engine.Engine INSERT INTO audit_logs (user_id, action, entity_type, entity_id, old_values, new_values, ip_address, user_agent, timestamp) VALUES (?, ?, ?, ?, ?, ?, ?, ?, ?)
2026-05-03 13:55:52,671 INFO sqlalchemy.engine.Engine [cached since 16.45s ago] (1, 'LOGIN', 'User', 1, 'null', 'null', '127.0.0.1', None, '2026-05-03 10:55:52.668006')
2026-05-03 13:55:52,674 INFO sqlalchemy.engine.Engine COMMIT
2026-05-03 13:55:52,679 INFO sqlalchemy.engine.Engine BEGIN (implicit)
2026-05-03 13:55:52,680 INFO sqlalchemy.engine.Engine SELECT users.id AS users_id, users.email AS users_email, users.hashed_password AS users_hashed_password, users.full_name AS users_full_name, users.role AS users_role, users.is_active AS users_is_active, users.is_verified AS users_is_verified, users.created_at AS users_created_at, users.updated_at AS users_updated_at 
FROM users 
WHERE users.id = ?
2026-05-03 13:55:52,681 INFO sqlalchemy.engine.Engine [cached since 16.44s ago] (1,)
2026-05-03 13:55:52,684 INFO sqlalchemy.engine.Engine ROLLBACK
INFO:     127.0.0.1:60682 - "POST /api/v1/auth/login HTTP/1.1" 200 OK
2026-05-03 13:55:52,735 INFO sqlalchemy.engine.Engine BEGIN (implicit)
2026-05-03 13:55:52,736 INFO sqlalchemy.engine.Engine SELECT users.id AS users_id, users.email AS users_email, users.hashed_password AS users_hashed_password, users.full_name AS users_full_name, users.role AS users_role, users.is_active AS users_is_active, users.is_verified AS users_is_verified, users.created_at AS users_created_at, users.updated_at AS users_updated_at 
FROM users 
WHERE users.id = ? AND users.is_active = 1
 LIMIT ? OFFSET ?
2026-05-03 13:55:52,737 INFO sqlalchemy.engine.Engine [generated in 0.00063s] (1, 1, 0)
2026-05-03 13:55:52,739 INFO sqlalchemy.engine.Engine ROLLBACK
INFO:     127.0.0.1:60682 - "GET /api/v1/auth/me HTTP/1.1" 200 OK
INFO:     127.0.0.1:60682 - "GET /api/v1/companies/ HTTP/1.1" 307 Temporary Redirect
INFO:     127.0.0.1:60682 - "GET /api/v1/companies HTTP/1.1" 403 Forbidden
